<?xml version="1.0" encoding="UTF-8"?>
<!-- Generated by org.testng.reporters.JUnitXMLReporter -->
<testsuite ignored="0" hostname="DESKTOP-KIS4N2E" failures="0" tests="2" name="Test" time="82.284" errors="0" timestamp="2024-01-15T13:57:41 IST">
  <testcase classname="coverFoxTest.CF_TC556_Validate_pinCode_ErrorMsg" name="validate_pinCode_ErrorMsg" time="0.079"/>
  <testcase classname="coverFoxTest.CF_TC555_Validate_search_results_for_healthcare_policies" name="validateTestPlansFromTextAndBanners" time="13.144"/>
</testsuite> <!-- Test -->
