<?xml version="1.0" encoding="UTF-8"?>
<testng-results ignored="0" total="2" passed="2" failed="0" skipped="0">
  <reporter-output>
    <line>
      <![CDATA[Launching browser ]]>
    </line>
    <line>
      <![CDATA[Reading data from excelSheet]]>
    </line>
    <line>
      <![CDATA[Reading data from excelSheet]]>
    </line>
    <line>
      <![CDATA[Entering mobile Num..]]>
    </line>
    <line>
      <![CDATA[Validating pinCode Error msg]]>
    </line>
    <line>
      <![CDATA[TC is passed]]>
    </line>
    <line>
      <![CDATA[Closing browser ]]>
    </line>
    <line>
      <![CDATA[Launching browser ]]>
    </line>
    <line>
      <![CDATA[Reading data from excelSheet]]>
    </line>
    <line>
      <![CDATA[Reading data from excelSheet]]>
    </line>
    <line>
      <![CDATA[Reading data from excelSheet]]>
    </line>
    <line>
      <![CDATA[Entering mobile Num..]]>
    </line>
    <line>
      <![CDATA[Closing browser ]]>
    </line>
  </reporter-output>
  <suite started-at="2024-01-15T13:56:19 IST" name="Suite" finished-at="2024-01-15T13:57:41 IST" duration-ms="82284">
    <groups>
    </groups>
    <test started-at="2024-01-15T13:56:19 IST" name="Test" finished-at="2024-01-15T13:57:41 IST" duration-ms="82284">
      <class name="coverFoxTest.CF_TC555_Validate_search_results_for_healthcare_policies">
        <test-method is-config="true" signature="launchBrowser()[pri:0, instance:coverFoxTest.CF_TC555_Validate_search_results_for_healthcare_policies@158d2680]" started-at="2024-01-15T13:56:59 IST" name="launchBrowser" finished-at="2024-01-15T13:57:17 IST" duration-ms="18252" status="PASS">
          <reporter-output>
            <line>
              <![CDATA[Launching browser ]]>
            </line>
          </reporter-output>
        </test-method> <!-- launchBrowser -->
        <test-method is-config="true" signature="enterMemeberDeatils()[pri:0, instance:coverFoxTest.CF_TC555_Validate_search_results_for_healthcare_policies@158d2680]" started-at="2024-01-15T13:57:17 IST" name="enterMemeberDeatils" finished-at="2024-01-15T13:57:24 IST" duration-ms="7180" status="PASS">
          <reporter-output>
            <line>
              <![CDATA[Reading data from excelSheet]]>
            </line>
            <line>
              <![CDATA[Reading data from excelSheet]]>
            </line>
            <line>
              <![CDATA[Reading data from excelSheet]]>
            </line>
            <line>
              <![CDATA[Entering mobile Num..]]>
            </line>
          </reporter-output>
        </test-method> <!-- enterMemeberDeatils -->
        <test-method signature="validateTestPlansFromTextAndBanners()[pri:0, instance:coverFoxTest.CF_TC555_Validate_search_results_for_healthcare_policies@158d2680]" started-at="2024-01-15T13:57:24 IST" name="validateTestPlansFromTextAndBanners" finished-at="2024-01-15T13:57:37 IST" duration-ms="13144" status="PASS">
          <reporter-output>
          </reporter-output>
        </test-method> <!-- validateTestPlansFromTextAndBanners -->
        <test-method is-config="true" signature="closeBrowser()[pri:0, instance:coverFoxTest.CF_TC555_Validate_search_results_for_healthcare_policies@158d2680]" started-at="2024-01-15T13:57:37 IST" name="closeBrowser" finished-at="2024-01-15T13:57:41 IST" duration-ms="4152" status="PASS">
          <reporter-output>
            <line>
              <![CDATA[Closing browser ]]>
            </line>
          </reporter-output>
        </test-method> <!-- closeBrowser -->
      </class> <!-- coverFoxTest.CF_TC555_Validate_search_results_for_healthcare_policies -->
      <class name="coverFoxTest.CF_TC556_Validate_pinCode_ErrorMsg">
        <test-method is-config="true" signature="launchBrowser()[pri:0, instance:coverFoxTest.CF_TC556_Validate_pinCode_ErrorMsg@1d2adfbe]" started-at="2024-01-15T13:56:19 IST" name="launchBrowser" finished-at="2024-01-15T13:56:42 IST" duration-ms="22970" status="PASS">
          <reporter-output>
            <line>
              <![CDATA[Launching browser ]]>
            </line>
          </reporter-output>
        </test-method> <!-- launchBrowser -->
        <test-method is-config="true" signature="enterMemeberDeatils()[pri:0, instance:coverFoxTest.CF_TC556_Validate_pinCode_ErrorMsg@1d2adfbe]" started-at="2024-01-15T13:56:42 IST" name="enterMemeberDeatils" finished-at="2024-01-15T13:56:53 IST" duration-ms="11307" status="PASS">
          <reporter-output>
            <line>
              <![CDATA[Reading data from excelSheet]]>
            </line>
            <line>
              <![CDATA[Reading data from excelSheet]]>
            </line>
            <line>
              <![CDATA[Entering mobile Num..]]>
            </line>
          </reporter-output>
        </test-method> <!-- enterMemeberDeatils -->
        <test-method signature="validate_pinCode_ErrorMsg()[pri:0, instance:coverFoxTest.CF_TC556_Validate_pinCode_ErrorMsg@1d2adfbe]" started-at="2024-01-15T13:56:53 IST" name="validate_pinCode_ErrorMsg" finished-at="2024-01-15T13:56:53 IST" duration-ms="79" status="PASS">
          <reporter-output>
            <line>
              <![CDATA[Validating pinCode Error msg]]>
            </line>
            <line>
              <![CDATA[TC is passed]]>
            </line>
          </reporter-output>
        </test-method> <!-- validate_pinCode_ErrorMsg -->
        <test-method is-config="true" signature="closeBrowser()[pri:0, instance:coverFoxTest.CF_TC556_Validate_pinCode_ErrorMsg@1d2adfbe]" started-at="2024-01-15T13:56:53 IST" name="closeBrowser" finished-at="2024-01-15T13:56:59 IST" duration-ms="5164" status="PASS">
          <reporter-output>
            <line>
              <![CDATA[Closing browser ]]>
            </line>
          </reporter-output>
        </test-method> <!-- closeBrowser -->
      </class> <!-- coverFoxTest.CF_TC556_Validate_pinCode_ErrorMsg -->
    </test> <!-- Test -->
  </suite> <!-- Suite -->
</testng-results>
