<?xml version="1.0" encoding="UTF-8"?>
<testng-results ignored="0" total="1" passed="1" failed="0" skipped="0">
  <reporter-output>
    <line>
      <![CDATA[Launching browser ]]>
    </line>
    <line>
      <![CDATA[Reading data from excelSheet]]>
    </line>
    <line>
      <![CDATA[Reading data from excelSheet]]>
    </line>
    <line>
      <![CDATA[Entering mobile Num..]]>
    </line>
    <line>
      <![CDATA[Validating pinCode Error msg]]>
    </line>
    <line>
      <![CDATA[TC is passed]]>
    </line>
    <line>
      <![CDATA[Closing browser ]]>
    </line>
  </reporter-output>
  <suite started-at="2024-01-15T13:29:24 IST" name="Default suite" finished-at="2024-01-15T13:29:41 IST" duration-ms="17048">
    <groups>
    </groups>
    <test started-at="2024-01-15T13:29:24 IST" name="Default test" finished-at="2024-01-15T13:29:41 IST" duration-ms="17048">
      <class name="coverFoxTest.CF_TC556_Validate_pinCode_ErrorMsg">
        <test-method is-config="true" signature="launchBrowser()[pri:0, instance:coverFoxTest.CF_TC556_Validate_pinCode_ErrorMsg@235ecd9f]" started-at="2024-01-15T13:29:24 IST" name="launchBrowser" finished-at="2024-01-15T13:29:28 IST" duration-ms="4343" status="PASS">
          <reporter-output>
            <line>
              <![CDATA[Launching browser ]]>
            </line>
          </reporter-output>
        </test-method> <!-- launchBrowser -->
        <test-method is-config="true" signature="enterMemeberDeatils()[pri:0, instance:coverFoxTest.CF_TC556_Validate_pinCode_ErrorMsg@235ecd9f]" started-at="2024-01-15T13:29:28 IST" name="enterMemeberDeatils" finished-at="2024-01-15T13:29:36 IST" duration-ms="7455" status="PASS">
          <reporter-output>
            <line>
              <![CDATA[Reading data from excelSheet]]>
            </line>
            <line>
              <![CDATA[Reading data from excelSheet]]>
            </line>
            <line>
              <![CDATA[Entering mobile Num..]]>
            </line>
          </reporter-output>
        </test-method> <!-- enterMemeberDeatils -->
        <test-method signature="validate_pinCode_ErrorMsg()[pri:0, instance:coverFoxTest.CF_TC556_Validate_pinCode_ErrorMsg@235ecd9f]" started-at="2024-01-15T13:29:36 IST" name="validate_pinCode_ErrorMsg" finished-at="2024-01-15T13:29:36 IST" duration-ms="63" status="PASS">
          <reporter-output>
            <line>
              <![CDATA[Validating pinCode Error msg]]>
            </line>
            <line>
              <![CDATA[TC is passed]]>
            </line>
          </reporter-output>
        </test-method> <!-- validate_pinCode_ErrorMsg -->
        <test-method is-config="true" signature="closeBrowser()[pri:0, instance:coverFoxTest.CF_TC556_Validate_pinCode_ErrorMsg@235ecd9f]" started-at="2024-01-15T13:29:36 IST" name="closeBrowser" finished-at="2024-01-15T13:29:41 IST" duration-ms="5156" status="PASS">
          <reporter-output>
            <line>
              <![CDATA[Closing browser ]]>
            </line>
          </reporter-output>
        </test-method> <!-- closeBrowser -->
      </class> <!-- coverFoxTest.CF_TC556_Validate_pinCode_ErrorMsg -->
    </test> <!-- Default test -->
  </suite> <!-- Default suite -->
</testng-results>
